ERROR - 2023-12-29 01:33:39 --> Error connecting to the database: mysqli_sql_exception: No connection could be made because the target machine actively refused it in C:\laragon\www\Mutiara_Ecom\system\Database\MySQLi\Connection.php:185
Stack trace:
#0 C:\laragon\www\Mutiara_Ecom\system\Database\MySQLi\Connection.php(185): mysqli->real_connect('localhost', 'root', '', 'db_ecommerce', 3306, '', 0)
#1 C:\laragon\www\Mutiara_Ecom\system\Database\BaseConnection.php(391): CodeIgniter\Database\MySQLi\Connection->connect(false)
#2 C:\laragon\www\Mutiara_Ecom\system\Database\BaseConnection.php(574): CodeIgniter\Database\BaseConnection->initialize()
#3 C:\laragon\www\Mutiara_Ecom\system\Database\BaseBuilder.php(1615): CodeIgniter\Database\BaseConnection->query('SELECT *\nFROM `...', Array, false)
#4 C:\laragon\www\Mutiara_Ecom\system\Model.php(237): CodeIgniter\Database\BaseBuilder->get()
#5 C:\laragon\www\Mutiara_Ecom\system\BaseModel.php(624): CodeIgniter\Model->doFindAll(0, 0)
#6 C:\laragon\www\Mutiara_Ecom\app\Controllers\Public\Dashboard.php(19): CodeIgniter\BaseModel->findAll()
#7 C:\laragon\www\Mutiara_Ecom\system\CodeIgniter.php(919): App\Controllers\Public\Dashboard->index()
#8 C:\laragon\www\Mutiara_Ecom\system\CodeIgniter.php(494): CodeIgniter\CodeIgniter->runController(Object(App\Controllers\Public\Dashboard))
#9 C:\laragon\www\Mutiara_Ecom\system\CodeIgniter.php(353): CodeIgniter\CodeIgniter->handleRequest(NULL, Object(Config\Cache), false)
#10 C:\laragon\www\Mutiara_Ecom\public\index.php(79): CodeIgniter\CodeIgniter->run()
#11 C:\laragon\www\Mutiara_Ecom\system\Commands\Server\rewrite.php(47): require_once('C:\\laragon\\www\\...')
#12 {main}

Next CodeIgniter\Database\Exceptions\DatabaseException: No connection could be made because the target machine actively refused it in C:\laragon\www\Mutiara_Ecom\system\Database\MySQLi\Connection.php:229
Stack trace:
#0 C:\laragon\www\Mutiara_Ecom\system\Database\BaseConnection.php(391): CodeIgniter\Database\MySQLi\Connection->connect(false)
#1 C:\laragon\www\Mutiara_Ecom\system\Database\BaseConnection.php(574): CodeIgniter\Database\BaseConnection->initialize()
#2 C:\laragon\www\Mutiara_Ecom\system\Database\BaseBuilder.php(1615): CodeIgniter\Database\BaseConnection->query('SELECT *\nFROM `...', Array, false)
#3 C:\laragon\www\Mutiara_Ecom\system\Model.php(237): CodeIgniter\Database\BaseBuilder->get()
#4 C:\laragon\www\Mutiara_Ecom\system\BaseModel.php(624): CodeIgniter\Model->doFindAll(0, 0)
#5 C:\laragon\www\Mutiara_Ecom\app\Controllers\Public\Dashboard.php(19): CodeIgniter\BaseModel->findAll()
#6 C:\laragon\www\Mutiara_Ecom\system\CodeIgniter.php(919): App\Controllers\Public\Dashboard->index()
#7 C:\laragon\www\Mutiara_Ecom\system\CodeIgniter.php(494): CodeIgniter\CodeIgniter->runController(Object(App\Controllers\Public\Dashboard))
#8 C:\laragon\www\Mutiara_Ecom\system\CodeIgniter.php(353): CodeIgniter\CodeIgniter->handleRequest(NULL, Object(Config\Cache), false)
#9 C:\laragon\www\Mutiara_Ecom\public\index.php(79): CodeIgniter\CodeIgniter->run()
#10 C:\laragon\www\Mutiara_Ecom\system\Commands\Server\rewrite.php(47): require_once('C:\\laragon\\www\\...')
#11 {main}
CRITICAL - 2023-12-29 01:33:39 --> Unable to connect to the database.
Main connection [MySQLi]: No connection could be made because the target machine actively refused it
in SYSTEMPATH\Database\BaseConnection.php on line 427.
 1 SYSTEMPATH\Database\BaseConnection.php(574): CodeIgniter\Database\BaseConnection->initialize()
 2 SYSTEMPATH\Database\BaseBuilder.php(1615): CodeIgniter\Database\BaseConnection->query('SELECT *
FROM `produk`
JOIN `kategori` ON `produk`.`id_kategori` = `kategori`.`id_kategori`', [], false)
 3 SYSTEMPATH\Model.php(237): CodeIgniter\Database\BaseBuilder->get()
 4 SYSTEMPATH\BaseModel.php(624): CodeIgniter\Model->doFindAll(0, 0)
 5 APPPATH\Controllers\Public\Dashboard.php(19): CodeIgniter\BaseModel->findAll()
 6 SYSTEMPATH\CodeIgniter.php(919): App\Controllers\Public\Dashboard->index()
 7 SYSTEMPATH\CodeIgniter.php(494): CodeIgniter\CodeIgniter->runController(Object(App\Controllers\Public\Dashboard))
 8 SYSTEMPATH\CodeIgniter.php(353): CodeIgniter\CodeIgniter->handleRequest(null, Object(Config\Cache), false)
 9 FCPATH\index.php(79): CodeIgniter\CodeIgniter->run()
10 SYSTEMPATH\Commands\Server\rewrite.php(47): require_once('C:\\laragon\\www\\Mutiara_Ecom\\public\\index.php')
ERROR - 2023-12-29 01:33:48 --> Error connecting to the database: mysqli_sql_exception: No connection could be made because the target machine actively refused it in C:\laragon\www\Mutiara_Ecom\system\Database\MySQLi\Connection.php:185
Stack trace:
#0 C:\laragon\www\Mutiara_Ecom\system\Database\MySQLi\Connection.php(185): mysqli->real_connect('localhost', 'root', '', 'db_ecommerce', 3306, '', 0)
#1 C:\laragon\www\Mutiara_Ecom\system\Database\BaseConnection.php(391): CodeIgniter\Database\MySQLi\Connection->connect(false)
#2 C:\laragon\www\Mutiara_Ecom\system\Database\BaseConnection.php(574): CodeIgniter\Database\BaseConnection->initialize()
#3 C:\laragon\www\Mutiara_Ecom\system\Database\BaseBuilder.php(1615): CodeIgniter\Database\BaseConnection->query('SELECT *\nFROM `...', Array, false)
#4 C:\laragon\www\Mutiara_Ecom\system\Model.php(237): CodeIgniter\Database\BaseBuilder->get()
#5 C:\laragon\www\Mutiara_Ecom\system\BaseModel.php(624): CodeIgniter\Model->doFindAll(0, 0)
#6 C:\laragon\www\Mutiara_Ecom\app\Controllers\Public\Dashboard.php(19): CodeIgniter\BaseModel->findAll()
#7 C:\laragon\www\Mutiara_Ecom\system\CodeIgniter.php(919): App\Controllers\Public\Dashboard->index()
#8 C:\laragon\www\Mutiara_Ecom\system\CodeIgniter.php(494): CodeIgniter\CodeIgniter->runController(Object(App\Controllers\Public\Dashboard))
#9 C:\laragon\www\Mutiara_Ecom\system\CodeIgniter.php(353): CodeIgniter\CodeIgniter->handleRequest(NULL, Object(Config\Cache), false)
#10 C:\laragon\www\Mutiara_Ecom\public\index.php(79): CodeIgniter\CodeIgniter->run()
#11 C:\laragon\www\Mutiara_Ecom\system\Commands\Server\rewrite.php(47): require_once('C:\\laragon\\www\\...')
#12 {main}

Next CodeIgniter\Database\Exceptions\DatabaseException: No connection could be made because the target machine actively refused it in C:\laragon\www\Mutiara_Ecom\system\Database\MySQLi\Connection.php:229
Stack trace:
#0 C:\laragon\www\Mutiara_Ecom\system\Database\BaseConnection.php(391): CodeIgniter\Database\MySQLi\Connection->connect(false)
#1 C:\laragon\www\Mutiara_Ecom\system\Database\BaseConnection.php(574): CodeIgniter\Database\BaseConnection->initialize()
#2 C:\laragon\www\Mutiara_Ecom\system\Database\BaseBuilder.php(1615): CodeIgniter\Database\BaseConnection->query('SELECT *\nFROM `...', Array, false)
#3 C:\laragon\www\Mutiara_Ecom\system\Model.php(237): CodeIgniter\Database\BaseBuilder->get()
#4 C:\laragon\www\Mutiara_Ecom\system\BaseModel.php(624): CodeIgniter\Model->doFindAll(0, 0)
#5 C:\laragon\www\Mutiara_Ecom\app\Controllers\Public\Dashboard.php(19): CodeIgniter\BaseModel->findAll()
#6 C:\laragon\www\Mutiara_Ecom\system\CodeIgniter.php(919): App\Controllers\Public\Dashboard->index()
#7 C:\laragon\www\Mutiara_Ecom\system\CodeIgniter.php(494): CodeIgniter\CodeIgniter->runController(Object(App\Controllers\Public\Dashboard))
#8 C:\laragon\www\Mutiara_Ecom\system\CodeIgniter.php(353): CodeIgniter\CodeIgniter->handleRequest(NULL, Object(Config\Cache), false)
#9 C:\laragon\www\Mutiara_Ecom\public\index.php(79): CodeIgniter\CodeIgniter->run()
#10 C:\laragon\www\Mutiara_Ecom\system\Commands\Server\rewrite.php(47): require_once('C:\\laragon\\www\\...')
#11 {main}
CRITICAL - 2023-12-29 01:33:48 --> Unable to connect to the database.
Main connection [MySQLi]: No connection could be made because the target machine actively refused it
in SYSTEMPATH\Database\BaseConnection.php on line 427.
 1 SYSTEMPATH\Database\BaseConnection.php(574): CodeIgniter\Database\BaseConnection->initialize()
 2 SYSTEMPATH\Database\BaseBuilder.php(1615): CodeIgniter\Database\BaseConnection->query('SELECT *
FROM `produk`
JOIN `kategori` ON `produk`.`id_kategori` = `kategori`.`id_kategori`', [], false)
 3 SYSTEMPATH\Model.php(237): CodeIgniter\Database\BaseBuilder->get()
 4 SYSTEMPATH\BaseModel.php(624): CodeIgniter\Model->doFindAll(0, 0)
 5 APPPATH\Controllers\Public\Dashboard.php(19): CodeIgniter\BaseModel->findAll()
 6 SYSTEMPATH\CodeIgniter.php(919): App\Controllers\Public\Dashboard->index()
 7 SYSTEMPATH\CodeIgniter.php(494): CodeIgniter\CodeIgniter->runController(Object(App\Controllers\Public\Dashboard))
 8 SYSTEMPATH\CodeIgniter.php(353): CodeIgniter\CodeIgniter->handleRequest(null, Object(Config\Cache), false)
 9 FCPATH\index.php(79): CodeIgniter\CodeIgniter->run()
10 SYSTEMPATH\Commands\Server\rewrite.php(47): require_once('C:\\laragon\\www\\Mutiara_Ecom\\public\\index.php')
INFO - 2023-12-29 01:33:55 --> Session: Class initialized using 'CodeIgniter\Session\Handlers\FileHandler' driver.
INFO - 2023-12-29 01:42:50 --> Session: Class initialized using 'CodeIgniter\Session\Handlers\FileHandler' driver.
