ERROR - 2023-12-09 15:55:56 --> Error connecting to the database: mysqli_sql_exception: No connection could be made because the target machine actively refused it in C:\Users\marcs\OneDrive\Documents\GitHub\ci-ecomerce\system\Database\MySQLi\Connection.php:185
Stack trace:
#0 C:\Users\marcs\OneDrive\Documents\GitHub\ci-ecomerce\system\Database\MySQLi\Connection.php(185): mysqli->real_connect('localhost', 'root', '', 'db_ecommerce', 3306, '', 0)
#1 C:\Users\marcs\OneDrive\Documents\GitHub\ci-ecomerce\system\Database\BaseConnection.php(391): CodeIgniter\Database\MySQLi\Connection->connect(false)
#2 C:\Users\marcs\OneDrive\Documents\GitHub\ci-ecomerce\system\Database\BaseConnection.php(574): CodeIgniter\Database\BaseConnection->initialize()
#3 C:\Users\marcs\OneDrive\Documents\GitHub\ci-ecomerce\system\Database\BaseBuilder.php(1615): CodeIgniter\Database\BaseConnection->query('SELECT *\nFROM `...', Array, false)
#4 C:\Users\marcs\OneDrive\Documents\GitHub\ci-ecomerce\system\Model.php(237): CodeIgniter\Database\BaseBuilder->get()
#5 C:\Users\marcs\OneDrive\Documents\GitHub\ci-ecomerce\system\BaseModel.php(624): CodeIgniter\Model->doFindAll(0, 0)
#6 C:\Users\marcs\OneDrive\Documents\GitHub\ci-ecomerce\app\Controllers\Public\Dashboard.php(18): CodeIgniter\BaseModel->findAll()
#7 C:\Users\marcs\OneDrive\Documents\GitHub\ci-ecomerce\system\CodeIgniter.php(919): App\Controllers\Public\Dashboard->index()
#8 C:\Users\marcs\OneDrive\Documents\GitHub\ci-ecomerce\system\CodeIgniter.php(494): CodeIgniter\CodeIgniter->runController(Object(App\Controllers\Public\Dashboard))
#9 C:\Users\marcs\OneDrive\Documents\GitHub\ci-ecomerce\system\CodeIgniter.php(353): CodeIgniter\CodeIgniter->handleRequest(NULL, Object(Config\Cache), false)
#10 C:\Users\marcs\OneDrive\Documents\GitHub\ci-ecomerce\public\index.php(79): CodeIgniter\CodeIgniter->run()
#11 C:\Users\marcs\OneDrive\Documents\GitHub\ci-ecomerce\system\Commands\Server\rewrite.php(47): require_once('C:\\Users\\marcs\\...')
#12 {main}

Next CodeIgniter\Database\Exceptions\DatabaseException: No connection could be made because the target machine actively refused it in C:\Users\marcs\OneDrive\Documents\GitHub\ci-ecomerce\system\Database\MySQLi\Connection.php:229
Stack trace:
#0 C:\Users\marcs\OneDrive\Documents\GitHub\ci-ecomerce\system\Database\BaseConnection.php(391): CodeIgniter\Database\MySQLi\Connection->connect(false)
#1 C:\Users\marcs\OneDrive\Documents\GitHub\ci-ecomerce\system\Database\BaseConnection.php(574): CodeIgniter\Database\BaseConnection->initialize()
#2 C:\Users\marcs\OneDrive\Documents\GitHub\ci-ecomerce\system\Database\BaseBuilder.php(1615): CodeIgniter\Database\BaseConnection->query('SELECT *\nFROM `...', Array, false)
#3 C:\Users\marcs\OneDrive\Documents\GitHub\ci-ecomerce\system\Model.php(237): CodeIgniter\Database\BaseBuilder->get()
#4 C:\Users\marcs\OneDrive\Documents\GitHub\ci-ecomerce\system\BaseModel.php(624): CodeIgniter\Model->doFindAll(0, 0)
#5 C:\Users\marcs\OneDrive\Documents\GitHub\ci-ecomerce\app\Controllers\Public\Dashboard.php(18): CodeIgniter\BaseModel->findAll()
#6 C:\Users\marcs\OneDrive\Documents\GitHub\ci-ecomerce\system\CodeIgniter.php(919): App\Controllers\Public\Dashboard->index()
#7 C:\Users\marcs\OneDrive\Documents\GitHub\ci-ecomerce\system\CodeIgniter.php(494): CodeIgniter\CodeIgniter->runController(Object(App\Controllers\Public\Dashboard))
#8 C:\Users\marcs\OneDrive\Documents\GitHub\ci-ecomerce\system\CodeIgniter.php(353): CodeIgniter\CodeIgniter->handleRequest(NULL, Object(Config\Cache), false)
#9 C:\Users\marcs\OneDrive\Documents\GitHub\ci-ecomerce\public\index.php(79): CodeIgniter\CodeIgniter->run()
#10 C:\Users\marcs\OneDrive\Documents\GitHub\ci-ecomerce\system\Commands\Server\rewrite.php(47): require_once('C:\\Users\\marcs\\...')
#11 {main}
CRITICAL - 2023-12-09 15:55:56 --> Unable to connect to the database.
Main connection [MySQLi]: No connection could be made because the target machine actively refused it
in SYSTEMPATH\Database\BaseConnection.php on line 427.
 1 SYSTEMPATH\Database\BaseConnection.php(574): CodeIgniter\Database\BaseConnection->initialize()
 2 SYSTEMPATH\Database\BaseBuilder.php(1615): CodeIgniter\Database\BaseConnection->query('SELECT *
FROM `produk`
JOIN `kategori` ON `produk`.`id_kategori` = `kategori`.`id_kategori`', [], false)
 3 SYSTEMPATH\Model.php(237): CodeIgniter\Database\BaseBuilder->get()
 4 SYSTEMPATH\BaseModel.php(624): CodeIgniter\Model->doFindAll(0, 0)
 5 APPPATH\Controllers\Public\Dashboard.php(18): CodeIgniter\BaseModel->findAll()
 6 SYSTEMPATH\CodeIgniter.php(919): App\Controllers\Public\Dashboard->index()
 7 SYSTEMPATH\CodeIgniter.php(494): CodeIgniter\CodeIgniter->runController(Object(App\Controllers\Public\Dashboard))
 8 SYSTEMPATH\CodeIgniter.php(353): CodeIgniter\CodeIgniter->handleRequest(null, Object(Config\Cache), false)
 9 FCPATH\index.php(79): CodeIgniter\CodeIgniter->run()
10 SYSTEMPATH\Commands\Server\rewrite.php(47): require_once('C:\\Users\\marcs\\OneDrive\\Documents\\GitHub\\ci-ecomerce\\public\\index.php')
ERROR - 2023-12-09 15:56:01 --> Error connecting to the database: mysqli_sql_exception: No connection could be made because the target machine actively refused it in C:\Users\marcs\OneDrive\Documents\GitHub\ci-ecomerce\system\Database\MySQLi\Connection.php:185
Stack trace:
#0 C:\Users\marcs\OneDrive\Documents\GitHub\ci-ecomerce\system\Database\MySQLi\Connection.php(185): mysqli->real_connect('localhost', 'root', '', 'db_ecommerce', 3306, '', 0)
#1 C:\Users\marcs\OneDrive\Documents\GitHub\ci-ecomerce\system\Database\BaseConnection.php(391): CodeIgniter\Database\MySQLi\Connection->connect(false)
#2 C:\Users\marcs\OneDrive\Documents\GitHub\ci-ecomerce\system\Database\BaseConnection.php(574): CodeIgniter\Database\BaseConnection->initialize()
#3 C:\Users\marcs\OneDrive\Documents\GitHub\ci-ecomerce\system\Database\BaseBuilder.php(1615): CodeIgniter\Database\BaseConnection->query('SELECT *\nFROM `...', Array, false)
#4 C:\Users\marcs\OneDrive\Documents\GitHub\ci-ecomerce\system\Model.php(237): CodeIgniter\Database\BaseBuilder->get()
#5 C:\Users\marcs\OneDrive\Documents\GitHub\ci-ecomerce\system\BaseModel.php(624): CodeIgniter\Model->doFindAll(0, 0)
#6 C:\Users\marcs\OneDrive\Documents\GitHub\ci-ecomerce\app\Controllers\Public\Dashboard.php(18): CodeIgniter\BaseModel->findAll()
#7 C:\Users\marcs\OneDrive\Documents\GitHub\ci-ecomerce\system\CodeIgniter.php(919): App\Controllers\Public\Dashboard->index()
#8 C:\Users\marcs\OneDrive\Documents\GitHub\ci-ecomerce\system\CodeIgniter.php(494): CodeIgniter\CodeIgniter->runController(Object(App\Controllers\Public\Dashboard))
#9 C:\Users\marcs\OneDrive\Documents\GitHub\ci-ecomerce\system\CodeIgniter.php(353): CodeIgniter\CodeIgniter->handleRequest(NULL, Object(Config\Cache), false)
#10 C:\Users\marcs\OneDrive\Documents\GitHub\ci-ecomerce\public\index.php(79): CodeIgniter\CodeIgniter->run()
#11 C:\Users\marcs\OneDrive\Documents\GitHub\ci-ecomerce\system\Commands\Server\rewrite.php(47): require_once('C:\\Users\\marcs\\...')
#12 {main}

Next CodeIgniter\Database\Exceptions\DatabaseException: No connection could be made because the target machine actively refused it in C:\Users\marcs\OneDrive\Documents\GitHub\ci-ecomerce\system\Database\MySQLi\Connection.php:229
Stack trace:
#0 C:\Users\marcs\OneDrive\Documents\GitHub\ci-ecomerce\system\Database\BaseConnection.php(391): CodeIgniter\Database\MySQLi\Connection->connect(false)
#1 C:\Users\marcs\OneDrive\Documents\GitHub\ci-ecomerce\system\Database\BaseConnection.php(574): CodeIgniter\Database\BaseConnection->initialize()
#2 C:\Users\marcs\OneDrive\Documents\GitHub\ci-ecomerce\system\Database\BaseBuilder.php(1615): CodeIgniter\Database\BaseConnection->query('SELECT *\nFROM `...', Array, false)
#3 C:\Users\marcs\OneDrive\Documents\GitHub\ci-ecomerce\system\Model.php(237): CodeIgniter\Database\BaseBuilder->get()
#4 C:\Users\marcs\OneDrive\Documents\GitHub\ci-ecomerce\system\BaseModel.php(624): CodeIgniter\Model->doFindAll(0, 0)
#5 C:\Users\marcs\OneDrive\Documents\GitHub\ci-ecomerce\app\Controllers\Public\Dashboard.php(18): CodeIgniter\BaseModel->findAll()
#6 C:\Users\marcs\OneDrive\Documents\GitHub\ci-ecomerce\system\CodeIgniter.php(919): App\Controllers\Public\Dashboard->index()
#7 C:\Users\marcs\OneDrive\Documents\GitHub\ci-ecomerce\system\CodeIgniter.php(494): CodeIgniter\CodeIgniter->runController(Object(App\Controllers\Public\Dashboard))
#8 C:\Users\marcs\OneDrive\Documents\GitHub\ci-ecomerce\system\CodeIgniter.php(353): CodeIgniter\CodeIgniter->handleRequest(NULL, Object(Config\Cache), false)
#9 C:\Users\marcs\OneDrive\Documents\GitHub\ci-ecomerce\public\index.php(79): CodeIgniter\CodeIgniter->run()
#10 C:\Users\marcs\OneDrive\Documents\GitHub\ci-ecomerce\system\Commands\Server\rewrite.php(47): require_once('C:\\Users\\marcs\\...')
#11 {main}
CRITICAL - 2023-12-09 15:56:01 --> Unable to connect to the database.
Main connection [MySQLi]: No connection could be made because the target machine actively refused it
in SYSTEMPATH\Database\BaseConnection.php on line 427.
 1 SYSTEMPATH\Database\BaseConnection.php(574): CodeIgniter\Database\BaseConnection->initialize()
 2 SYSTEMPATH\Database\BaseBuilder.php(1615): CodeIgniter\Database\BaseConnection->query('SELECT *
FROM `produk`
JOIN `kategori` ON `produk`.`id_kategori` = `kategori`.`id_kategori`', [], false)
 3 SYSTEMPATH\Model.php(237): CodeIgniter\Database\BaseBuilder->get()
 4 SYSTEMPATH\BaseModel.php(624): CodeIgniter\Model->doFindAll(0, 0)
 5 APPPATH\Controllers\Public\Dashboard.php(18): CodeIgniter\BaseModel->findAll()
 6 SYSTEMPATH\CodeIgniter.php(919): App\Controllers\Public\Dashboard->index()
 7 SYSTEMPATH\CodeIgniter.php(494): CodeIgniter\CodeIgniter->runController(Object(App\Controllers\Public\Dashboard))
 8 SYSTEMPATH\CodeIgniter.php(353): CodeIgniter\CodeIgniter->handleRequest(null, Object(Config\Cache), false)
 9 FCPATH\index.php(79): CodeIgniter\CodeIgniter->run()
10 SYSTEMPATH\Commands\Server\rewrite.php(47): require_once('C:\\Users\\marcs\\OneDrive\\Documents\\GitHub\\ci-ecomerce\\public\\index.php')
CRITICAL - 2023-12-09 17:17:35 --> View themes, no current section.
in SYSTEMPATH\View\View.php on line 423.
 1 APPPATH\Views\public\dashboard.php(543): CodeIgniter\View\View->endSection()
 2 SYSTEMPATH\View\View.php(226): include('C:\\Users\\marcs\\OneDrive\\Documents\\GitHub\\ci-ecomerce\\app\\Views\\public\\dashboard.php')
 3 SYSTEMPATH\View\View.php(229): CodeIgniter\View\View->CodeIgniter\View\{closure}()
 4 SYSTEMPATH\Common.php(1188): CodeIgniter\View\View->render('public/dashboard', [], true)
 5 APPPATH\Controllers\Public\Dashboard.php(25): view('public/dashboard', [...])
 6 SYSTEMPATH\CodeIgniter.php(919): App\Controllers\Public\Dashboard->index()
 7 SYSTEMPATH\CodeIgniter.php(494): CodeIgniter\CodeIgniter->runController(Object(App\Controllers\Public\Dashboard))
 8 SYSTEMPATH\CodeIgniter.php(353): CodeIgniter\CodeIgniter->handleRequest(null, Object(Config\Cache), false)
 9 FCPATH\index.php(79): CodeIgniter\CodeIgniter->run()
10 SYSTEMPATH\Commands\Server\rewrite.php(47): require_once('C:\\Users\\marcs\\OneDrive\\Documents\\GitHub\\ci-ecomerce\\public\\index.php')
INFO - 2023-12-09 17:17:45 --> Session: Class initialized using 'CodeIgniter\Session\Handlers\FileHandler' driver.
CRITICAL - 2023-12-09 17:17:45 --> View themes, no current section.
in SYSTEMPATH\View\View.php on line 423.
 1 APPPATH\Views\public\dashboard.php(543): CodeIgniter\View\View->endSection()
 2 SYSTEMPATH\View\View.php(226): include('C:\\Users\\marcs\\OneDrive\\Documents\\GitHub\\ci-ecomerce\\app\\Views\\public\\dashboard.php')
 3 SYSTEMPATH\View\View.php(229): CodeIgniter\View\View->CodeIgniter\View\{closure}()
 4 SYSTEMPATH\Common.php(1188): CodeIgniter\View\View->render('public/dashboard', [], true)
 5 APPPATH\Controllers\Public\Dashboard.php(25): view('public/dashboard', [...])
 6 SYSTEMPATH\CodeIgniter.php(919): App\Controllers\Public\Dashboard->index()
 7 SYSTEMPATH\CodeIgniter.php(494): CodeIgniter\CodeIgniter->runController(Object(App\Controllers\Public\Dashboard))
 8 SYSTEMPATH\CodeIgniter.php(353): CodeIgniter\CodeIgniter->handleRequest(null, Object(Config\Cache), false)
 9 FCPATH\index.php(79): CodeIgniter\CodeIgniter->run()
10 SYSTEMPATH\Commands\Server\rewrite.php(47): require_once('C:\\Users\\marcs\\OneDrive\\Documents\\GitHub\\ci-ecomerce\\public\\index.php')
INFO - 2023-12-09 17:18:06 --> Session: Class initialized using 'CodeIgniter\Session\Handlers\FileHandler' driver.
INFO - 2023-12-09 17:18:14 --> Session: Class initialized using 'CodeIgniter\Session\Handlers\FileHandler' driver.
INFO - 2023-12-09 17:18:42 --> Session: Class initialized using 'CodeIgniter\Session\Handlers\FileHandler' driver.
CRITICAL - 2023-12-09 17:18:42 --> View themes, no current section.
in SYSTEMPATH\View\View.php on line 423.
 1 APPPATH\Views\public\dashboard.php(543): CodeIgniter\View\View->endSection()
 2 SYSTEMPATH\View\View.php(226): include('C:\\Users\\marcs\\OneDrive\\Documents\\GitHub\\ci-ecomerce\\app\\Views\\public\\dashboard.php')
 3 SYSTEMPATH\View\View.php(229): CodeIgniter\View\View->CodeIgniter\View\{closure}()
 4 SYSTEMPATH\Common.php(1188): CodeIgniter\View\View->render('public/dashboard', [], true)
 5 APPPATH\Controllers\Public\Dashboard.php(25): view('public/dashboard', [...])
 6 SYSTEMPATH\CodeIgniter.php(919): App\Controllers\Public\Dashboard->index()
 7 SYSTEMPATH\CodeIgniter.php(494): CodeIgniter\CodeIgniter->runController(Object(App\Controllers\Public\Dashboard))
 8 SYSTEMPATH\CodeIgniter.php(353): CodeIgniter\CodeIgniter->handleRequest(null, Object(Config\Cache), false)
 9 FCPATH\index.php(79): CodeIgniter\CodeIgniter->run()
10 SYSTEMPATH\Commands\Server\rewrite.php(47): require_once('C:\\Users\\marcs\\OneDrive\\Documents\\GitHub\\ci-ecomerce\\public\\index.php')
INFO - 2023-12-09 17:18:47 --> Session: Class initialized using 'CodeIgniter\Session\Handlers\FileHandler' driver.
INFO - 2023-12-09 17:18:59 --> Session: Class initialized using 'CodeIgniter\Session\Handlers\FileHandler' driver.
INFO - 2023-12-09 17:19:03 --> Session: Class initialized using 'CodeIgniter\Session\Handlers\FileHandler' driver.
INFO - 2023-12-09 17:19:12 --> Session: Class initialized using 'CodeIgniter\Session\Handlers\FileHandler' driver.
INFO - 2023-12-09 17:19:47 --> Session: Class initialized using 'CodeIgniter\Session\Handlers\FileHandler' driver.
INFO - 2023-12-09 17:21:28 --> Session: Class initialized using 'CodeIgniter\Session\Handlers\FileHandler' driver.
INFO - 2023-12-09 17:23:56 --> Session: Class initialized using 'CodeIgniter\Session\Handlers\FileHandler' driver.
INFO - 2023-12-09 17:24:34 --> Session: Class initialized using 'CodeIgniter\Session\Handlers\FileHandler' driver.
INFO - 2023-12-09 17:26:39 --> Session: Class initialized using 'CodeIgniter\Session\Handlers\FileHandler' driver.
INFO - 2023-12-09 17:27:11 --> Session: Class initialized using 'CodeIgniter\Session\Handlers\FileHandler' driver.
INFO - 2023-12-09 17:29:39 --> Session: Class initialized using 'CodeIgniter\Session\Handlers\FileHandler' driver.
INFO - 2023-12-09 17:30:11 --> Session: Class initialized using 'CodeIgniter\Session\Handlers\FileHandler' driver.
INFO - 2023-12-09 17:30:13 --> Session: Class initialized using 'CodeIgniter\Session\Handlers\FileHandler' driver.
INFO - 2023-12-09 17:30:14 --> Session: Class initialized using 'CodeIgniter\Session\Handlers\FileHandler' driver.
INFO - 2023-12-09 17:30:14 --> Session: Class initialized using 'CodeIgniter\Session\Handlers\FileHandler' driver.
INFO - 2023-12-09 17:30:21 --> Session: Class initialized using 'CodeIgniter\Session\Handlers\FileHandler' driver.
INFO - 2023-12-09 17:30:24 --> Session: Class initialized using 'CodeIgniter\Session\Handlers\FileHandler' driver.
INFO - 2023-12-09 17:30:33 --> Session: Class initialized using 'CodeIgniter\Session\Handlers\FileHandler' driver.
INFO - 2023-12-09 17:30:36 --> Session: Class initialized using 'CodeIgniter\Session\Handlers\FileHandler' driver.
INFO - 2023-12-09 17:30:39 --> Session: Class initialized using 'CodeIgniter\Session\Handlers\FileHandler' driver.
INFO - 2023-12-09 17:30:53 --> Session: Class initialized using 'CodeIgniter\Session\Handlers\FileHandler' driver.
INFO - 2023-12-09 17:31:15 --> Session: Class initialized using 'CodeIgniter\Session\Handlers\FileHandler' driver.
INFO - 2023-12-09 17:31:17 --> Session: Class initialized using 'CodeIgniter\Session\Handlers\FileHandler' driver.
INFO - 2023-12-09 17:31:20 --> Session: Class initialized using 'CodeIgniter\Session\Handlers\FileHandler' driver.
INFO - 2023-12-09 17:31:23 --> Session: Class initialized using 'CodeIgniter\Session\Handlers\FileHandler' driver.
INFO - 2023-12-09 17:31:42 --> Session: Class initialized using 'CodeIgniter\Session\Handlers\FileHandler' driver.
INFO - 2023-12-09 17:32:17 --> Session: Class initialized using 'CodeIgniter\Session\Handlers\FileHandler' driver.
INFO - 2023-12-09 17:32:41 --> Session: Class initialized using 'CodeIgniter\Session\Handlers\FileHandler' driver.
INFO - 2023-12-09 17:32:49 --> Session: Class initialized using 'CodeIgniter\Session\Handlers\FileHandler' driver.
INFO - 2023-12-09 17:33:33 --> Session: Class initialized using 'CodeIgniter\Session\Handlers\FileHandler' driver.
INFO - 2023-12-09 17:33:45 --> Session: Class initialized using 'CodeIgniter\Session\Handlers\FileHandler' driver.
INFO - 2023-12-09 17:33:56 --> Session: Class initialized using 'CodeIgniter\Session\Handlers\FileHandler' driver.
INFO - 2023-12-09 17:34:00 --> Session: Class initialized using 'CodeIgniter\Session\Handlers\FileHandler' driver.
INFO - 2023-12-09 17:34:01 --> Session: Class initialized using 'CodeIgniter\Session\Handlers\FileHandler' driver.
INFO - 2023-12-09 17:34:21 --> Session: Class initialized using 'CodeIgniter\Session\Handlers\FileHandler' driver.
INFO - 2023-12-09 17:34:25 --> Session: Class initialized using 'CodeIgniter\Session\Handlers\FileHandler' driver.
INFO - 2023-12-09 17:34:26 --> Session: Class initialized using 'CodeIgniter\Session\Handlers\FileHandler' driver.
INFO - 2023-12-09 17:34:31 --> Session: Class initialized using 'CodeIgniter\Session\Handlers\FileHandler' driver.
INFO - 2023-12-09 17:35:04 --> Session: Class initialized using 'CodeIgniter\Session\Handlers\FileHandler' driver.
INFO - 2023-12-09 17:35:07 --> Session: Class initialized using 'CodeIgniter\Session\Handlers\FileHandler' driver.
INFO - 2023-12-09 17:35:09 --> Session: Class initialized using 'CodeIgniter\Session\Handlers\FileHandler' driver.
INFO - 2023-12-09 17:35:11 --> Session: Class initialized using 'CodeIgniter\Session\Handlers\FileHandler' driver.
INFO - 2023-12-09 17:35:57 --> Session: Class initialized using 'CodeIgniter\Session\Handlers\FileHandler' driver.
INFO - 2023-12-09 17:36:02 --> Session: Class initialized using 'CodeIgniter\Session\Handlers\FileHandler' driver.
INFO - 2023-12-09 17:36:06 --> Session: Class initialized using 'CodeIgniter\Session\Handlers\FileHandler' driver.
INFO - 2023-12-09 17:36:13 --> Session: Class initialized using 'CodeIgniter\Session\Handlers\FileHandler' driver.
INFO - 2023-12-09 17:36:14 --> Session: Class initialized using 'CodeIgniter\Session\Handlers\FileHandler' driver.
INFO - 2023-12-09 17:36:17 --> Session: Class initialized using 'CodeIgniter\Session\Handlers\FileHandler' driver.
INFO - 2023-12-09 17:36:21 --> Session: Class initialized using 'CodeIgniter\Session\Handlers\FileHandler' driver.
INFO - 2023-12-09 17:36:22 --> Session: Class initialized using 'CodeIgniter\Session\Handlers\FileHandler' driver.
INFO - 2023-12-09 17:36:33 --> Session: Class initialized using 'CodeIgniter\Session\Handlers\FileHandler' driver.
INFO - 2023-12-09 17:36:34 --> Session: Class initialized using 'CodeIgniter\Session\Handlers\FileHandler' driver.
INFO - 2023-12-09 17:36:46 --> Session: Class initialized using 'CodeIgniter\Session\Handlers\FileHandler' driver.
INFO - 2023-12-09 17:36:47 --> Session: Class initialized using 'CodeIgniter\Session\Handlers\FileHandler' driver.
INFO - 2023-12-09 17:36:57 --> Session: Class initialized using 'CodeIgniter\Session\Handlers\FileHandler' driver.
INFO - 2023-12-09 17:36:58 --> Session: Class initialized using 'CodeIgniter\Session\Handlers\FileHandler' driver.
INFO - 2023-12-09 17:37:24 --> Session: Class initialized using 'CodeIgniter\Session\Handlers\FileHandler' driver.
INFO - 2023-12-09 17:37:25 --> Session: Class initialized using 'CodeIgniter\Session\Handlers\FileHandler' driver.
INFO - 2023-12-09 17:37:27 --> Session: Class initialized using 'CodeIgniter\Session\Handlers\FileHandler' driver.
INFO - 2023-12-09 17:37:32 --> Session: Class initialized using 'CodeIgniter\Session\Handlers\FileHandler' driver.
INFO - 2023-12-09 17:42:35 --> Session: Class initialized using 'CodeIgniter\Session\Handlers\FileHandler' driver.
CRITICAL - 2023-12-09 17:42:35 --> syntax error, unexpected end of file
in APPPATH\Views\public\shop.php on line 98.
 1 SYSTEMPATH\View\View.php(229): CodeIgniter\View\View->CodeIgniter\View\{closure}()
 2 SYSTEMPATH\Common.php(1188): CodeIgniter\View\View->render('public/shop', [], true)
 3 APPPATH\Controllers\Public\Dashboard.php(56): view('public/shop', [...])
 4 SYSTEMPATH\CodeIgniter.php(919): App\Controllers\Public\Dashboard->shop()
 5 SYSTEMPATH\CodeIgniter.php(494): CodeIgniter\CodeIgniter->runController(Object(App\Controllers\Public\Dashboard))
 6 SYSTEMPATH\CodeIgniter.php(353): CodeIgniter\CodeIgniter->handleRequest(null, Object(Config\Cache), false)
 7 FCPATH\index.php(79): CodeIgniter\CodeIgniter->run()
 8 SYSTEMPATH\Commands\Server\rewrite.php(47): require_once('C:\\Users\\marcs\\OneDrive\\Documents\\GitHub\\ci-ecomerce\\public\\index.php')
INFO - 2023-12-09 17:42:51 --> Session: Class initialized using 'CodeIgniter\Session\Handlers\FileHandler' driver.
INFO - 2023-12-09 17:43:54 --> Session: Class initialized using 'CodeIgniter\Session\Handlers\FileHandler' driver.
INFO - 2023-12-09 17:45:29 --> Session: Class initialized using 'CodeIgniter\Session\Handlers\FileHandler' driver.
INFO - 2023-12-09 17:47:07 --> Session: Class initialized using 'CodeIgniter\Session\Handlers\FileHandler' driver.
INFO - 2023-12-09 17:54:29 --> Session: Class initialized using 'CodeIgniter\Session\Handlers\FileHandler' driver.
INFO - 2023-12-09 17:54:47 --> Session: Class initialized using 'CodeIgniter\Session\Handlers\FileHandler' driver.
INFO - 2023-12-09 17:55:23 --> Session: Class initialized using 'CodeIgniter\Session\Handlers\FileHandler' driver.
INFO - 2023-12-09 17:55:26 --> Session: Class initialized using 'CodeIgniter\Session\Handlers\FileHandler' driver.
INFO - 2023-12-09 17:56:12 --> Session: Class initialized using 'CodeIgniter\Session\Handlers\FileHandler' driver.
INFO - 2023-12-09 17:58:20 --> Session: Class initialized using 'CodeIgniter\Session\Handlers\FileHandler' driver.
INFO - 2023-12-09 17:58:22 --> Session: Class initialized using 'CodeIgniter\Session\Handlers\FileHandler' driver.
INFO - 2023-12-09 17:58:23 --> Session: Class initialized using 'CodeIgniter\Session\Handlers\FileHandler' driver.
INFO - 2023-12-09 17:58:36 --> Session: Class initialized using 'CodeIgniter\Session\Handlers\FileHandler' driver.
INFO - 2023-12-09 17:58:44 --> Session: Class initialized using 'CodeIgniter\Session\Handlers\FileHandler' driver.
INFO - 2023-12-09 17:58:46 --> Session: Class initialized using 'CodeIgniter\Session\Handlers\FileHandler' driver.
INFO - 2023-12-09 17:58:46 --> Session: Class initialized using 'CodeIgniter\Session\Handlers\FileHandler' driver.
INFO - 2023-12-09 17:58:49 --> Session: Class initialized using 'CodeIgniter\Session\Handlers\FileHandler' driver.
INFO - 2023-12-09 17:58:49 --> Session: Class initialized using 'CodeIgniter\Session\Handlers\FileHandler' driver.
INFO - 2023-12-09 17:59:00 --> Session: Class initialized using 'CodeIgniter\Session\Handlers\FileHandler' driver.
INFO - 2023-12-09 17:59:00 --> Session: Class initialized using 'CodeIgniter\Session\Handlers\FileHandler' driver.
WARNING - 2023-12-09 17:59:00 --> [DEPRECATED] number_format(): Passing null to parameter #1 ($num) of type float is deprecated in APPPATH\Views\admin\dashboard.php on line 23.
 1 APPPATH\Views\admin\dashboard.php(23): number_format(null, 2, ',', '.')
 2 SYSTEMPATH\View\View.php(226): include('C:\\Users\\marcs\\OneDrive\\Documents\\GitHub\\ci-ecomerce\\app\\Views\\admin\\dashboard.php')
 3 SYSTEMPATH\View\View.php(229): CodeIgniter\View\View->CodeIgniter\View\{closure}()
 4 SYSTEMPATH\Common.php(1188): CodeIgniter\View\View->render('admin/dashboard', [], true)
 5 APPPATH\Controllers\Admin\Dashboard.php(59): view('admin/dashboard', [...])
 6 SYSTEMPATH\CodeIgniter.php(919): App\Controllers\Admin\Dashboard->index()
 7 SYSTEMPATH\CodeIgniter.php(494): CodeIgniter\CodeIgniter->runController(Object(App\Controllers\Admin\Dashboard))
 8 SYSTEMPATH\CodeIgniter.php(353): CodeIgniter\CodeIgniter->handleRequest(null, Object(Config\Cache), false)
 9 FCPATH\index.php(79): CodeIgniter\CodeIgniter->run()
10 SYSTEMPATH\Commands\Server\rewrite.php(47): require_once('C:\\Users\\marcs\\OneDrive\\Documents\\GitHub\\ci-ecomerce\\public\\index.php')
WARNING - 2023-12-09 17:59:00 --> [DEPRECATED] number_format(): Passing null to parameter #1 ($num) of type float is deprecated in APPPATH\Views\admin\dashboard.php on line 41.
 1 APPPATH\Views\admin\dashboard.php(41): number_format(null, 2, ',', '.')
 2 SYSTEMPATH\View\View.php(226): include('C:\\Users\\marcs\\OneDrive\\Documents\\GitHub\\ci-ecomerce\\app\\Views\\admin\\dashboard.php')
 3 SYSTEMPATH\View\View.php(229): CodeIgniter\View\View->CodeIgniter\View\{closure}()
 4 SYSTEMPATH\Common.php(1188): CodeIgniter\View\View->render('admin/dashboard', [], true)
 5 APPPATH\Controllers\Admin\Dashboard.php(59): view('admin/dashboard', [...])
 6 SYSTEMPATH\CodeIgniter.php(919): App\Controllers\Admin\Dashboard->index()
 7 SYSTEMPATH\CodeIgniter.php(494): CodeIgniter\CodeIgniter->runController(Object(App\Controllers\Admin\Dashboard))
 8 SYSTEMPATH\CodeIgniter.php(353): CodeIgniter\CodeIgniter->handleRequest(null, Object(Config\Cache), false)
 9 FCPATH\index.php(79): CodeIgniter\CodeIgniter->run()
10 SYSTEMPATH\Commands\Server\rewrite.php(47): require_once('C:\\Users\\marcs\\OneDrive\\Documents\\GitHub\\ci-ecomerce\\public\\index.php')
WARNING - 2023-12-09 17:59:01 --> [DEPRECATED] number_format(): Passing null to parameter #1 ($num) of type float is deprecated in APPPATH\Views\admin\dashboard.php on line 59.
 1 APPPATH\Views\admin\dashboard.php(59): number_format(null, 2, ',', '.')
 2 SYSTEMPATH\View\View.php(226): include('C:\\Users\\marcs\\OneDrive\\Documents\\GitHub\\ci-ecomerce\\app\\Views\\admin\\dashboard.php')
 3 SYSTEMPATH\View\View.php(229): CodeIgniter\View\View->CodeIgniter\View\{closure}()
 4 SYSTEMPATH\Common.php(1188): CodeIgniter\View\View->render('admin/dashboard', [], true)
 5 APPPATH\Controllers\Admin\Dashboard.php(59): view('admin/dashboard', [...])
 6 SYSTEMPATH\CodeIgniter.php(919): App\Controllers\Admin\Dashboard->index()
 7 SYSTEMPATH\CodeIgniter.php(494): CodeIgniter\CodeIgniter->runController(Object(App\Controllers\Admin\Dashboard))
 8 SYSTEMPATH\CodeIgniter.php(353): CodeIgniter\CodeIgniter->handleRequest(null, Object(Config\Cache), false)
 9 FCPATH\index.php(79): CodeIgniter\CodeIgniter->run()
10 SYSTEMPATH\Commands\Server\rewrite.php(47): require_once('C:\\Users\\marcs\\OneDrive\\Documents\\GitHub\\ci-ecomerce\\public\\index.php')
INFO - 2023-12-09 17:59:04 --> Session: Class initialized using 'CodeIgniter\Session\Handlers\FileHandler' driver.
INFO - 2023-12-09 17:59:04 --> Session: Class initialized using 'CodeIgniter\Session\Handlers\FileHandler' driver.
INFO - 2023-12-09 17:59:12 --> Session: Class initialized using 'CodeIgniter\Session\Handlers\FileHandler' driver.
INFO - 2023-12-09 17:59:12 --> Session: Class initialized using 'CodeIgniter\Session\Handlers\FileHandler' driver.
INFO - 2023-12-09 17:59:14 --> Session: Class initialized using 'CodeIgniter\Session\Handlers\FileHandler' driver.
INFO - 2023-12-09 17:59:14 --> Session: Class initialized using 'CodeIgniter\Session\Handlers\FileHandler' driver.
INFO - 2023-12-09 17:59:17 --> Session: Class initialized using 'CodeIgniter\Session\Handlers\FileHandler' driver.
INFO - 2023-12-09 17:59:17 --> Session: Class initialized using 'CodeIgniter\Session\Handlers\FileHandler' driver.
INFO - 2023-12-09 17:59:21 --> Session: Class initialized using 'CodeIgniter\Session\Handlers\FileHandler' driver.
INFO - 2023-12-09 17:59:27 --> Session: Class initialized using 'CodeIgniter\Session\Handlers\FileHandler' driver.
INFO - 2023-12-09 17:59:30 --> Session: Class initialized using 'CodeIgniter\Session\Handlers\FileHandler' driver.
INFO - 2023-12-09 17:59:34 --> Session: Class initialized using 'CodeIgniter\Session\Handlers\FileHandler' driver.
INFO - 2023-12-09 17:59:34 --> Session: Class initialized using 'CodeIgniter\Session\Handlers\FileHandler' driver.
INFO - 2023-12-09 17:59:45 --> Session: Class initialized using 'CodeIgniter\Session\Handlers\FileHandler' driver.
INFO - 2023-12-09 17:59:52 --> Session: Class initialized using 'CodeIgniter\Session\Handlers\FileHandler' driver.
INFO - 2023-12-09 18:00:02 --> Session: Class initialized using 'CodeIgniter\Session\Handlers\FileHandler' driver.
INFO - 2023-12-09 18:00:21 --> Session: Class initialized using 'CodeIgniter\Session\Handlers\FileHandler' driver.
INFO - 2023-12-09 18:00:21 --> Session: Class initialized using 'CodeIgniter\Session\Handlers\FileHandler' driver.
INFO - 2023-12-09 18:01:24 --> Session: Class initialized using 'CodeIgniter\Session\Handlers\FileHandler' driver.
INFO - 2023-12-09 18:01:29 --> Session: Class initialized using 'CodeIgniter\Session\Handlers\FileHandler' driver.
INFO - 2023-12-09 18:03:13 --> Session: Class initialized using 'CodeIgniter\Session\Handlers\FileHandler' driver.
INFO - 2023-12-09 18:03:14 --> Session: Class initialized using 'CodeIgniter\Session\Handlers\FileHandler' driver.
INFO - 2023-12-09 18:04:49 --> Session: Class initialized using 'CodeIgniter\Session\Handlers\FileHandler' driver.
INFO - 2023-12-09 18:04:56 --> Session: Class initialized using 'CodeIgniter\Session\Handlers\FileHandler' driver.
INFO - 2023-12-09 18:04:58 --> Session: Class initialized using 'CodeIgniter\Session\Handlers\FileHandler' driver.
INFO - 2023-12-09 18:05:33 --> Session: Class initialized using 'CodeIgniter\Session\Handlers\FileHandler' driver.
INFO - 2023-12-09 18:05:33 --> Session: Class initialized using 'CodeIgniter\Session\Handlers\FileHandler' driver.
INFO - 2023-12-09 18:05:48 --> Session: Class initialized using 'CodeIgniter\Session\Handlers\FileHandler' driver.
INFO - 2023-12-09 18:05:56 --> Session: Class initialized using 'CodeIgniter\Session\Handlers\FileHandler' driver.
INFO - 2023-12-09 18:05:59 --> Session: Class initialized using 'CodeIgniter\Session\Handlers\FileHandler' driver.
INFO - 2023-12-09 18:05:59 --> Session: Class initialized using 'CodeIgniter\Session\Handlers\FileHandler' driver.
INFO - 2023-12-09 18:06:05 --> Session: Class initialized using 'CodeIgniter\Session\Handlers\FileHandler' driver.
INFO - 2023-12-09 18:06:17 --> Session: Class initialized using 'CodeIgniter\Session\Handlers\FileHandler' driver.
INFO - 2023-12-09 18:06:21 --> Session: Class initialized using 'CodeIgniter\Session\Handlers\FileHandler' driver.
INFO - 2023-12-09 18:11:54 --> Session: Class initialized using 'CodeIgniter\Session\Handlers\FileHandler' driver.
INFO - 2023-12-09 18:13:02 --> Session: Class initialized using 'CodeIgniter\Session\Handlers\FileHandler' driver.
INFO - 2023-12-09 18:14:18 --> Session: Class initialized using 'CodeIgniter\Session\Handlers\FileHandler' driver.
INFO - 2023-12-09 18:14:18 --> Session: Class initialized using 'CodeIgniter\Session\Handlers\FileHandler' driver.
INFO - 2023-12-09 18:14:33 --> Session: Class initialized using 'CodeIgniter\Session\Handlers\FileHandler' driver.
INFO - 2023-12-09 18:45:58 --> Session: Class initialized using 'CodeIgniter\Session\Handlers\FileHandler' driver.
INFO - 2023-12-09 18:46:41 --> Session: Class initialized using 'CodeIgniter\Session\Handlers\FileHandler' driver.
INFO - 2023-12-09 18:47:01 --> Session: Class initialized using 'CodeIgniter\Session\Handlers\FileHandler' driver.
INFO - 2023-12-09 18:47:10 --> Session: Class initialized using 'CodeIgniter\Session\Handlers\FileHandler' driver.
INFO - 2023-12-09 18:47:58 --> Session: Class initialized using 'CodeIgniter\Session\Handlers\FileHandler' driver.
INFO - 2023-12-09 18:48:00 --> Session: Class initialized using 'CodeIgniter\Session\Handlers\FileHandler' driver.
INFO - 2023-12-09 18:48:01 --> Session: Class initialized using 'CodeIgniter\Session\Handlers\FileHandler' driver.
INFO - 2023-12-09 18:49:00 --> Session: Class initialized using 'CodeIgniter\Session\Handlers\FileHandler' driver.
INFO - 2023-12-09 18:52:38 --> Session: Class initialized using 'CodeIgniter\Session\Handlers\FileHandler' driver.
INFO - 2023-12-09 18:52:48 --> Session: Class initialized using 'CodeIgniter\Session\Handlers\FileHandler' driver.
INFO - 2023-12-09 18:53:54 --> Session: Class initialized using 'CodeIgniter\Session\Handlers\FileHandler' driver.
INFO - 2023-12-09 18:53:56 --> Session: Class initialized using 'CodeIgniter\Session\Handlers\FileHandler' driver.
INFO - 2023-12-09 18:54:28 --> Session: Class initialized using 'CodeIgniter\Session\Handlers\FileHandler' driver.
INFO - 2023-12-09 18:55:48 --> Session: Class initialized using 'CodeIgniter\Session\Handlers\FileHandler' driver.
INFO - 2023-12-09 18:56:31 --> Session: Class initialized using 'CodeIgniter\Session\Handlers\FileHandler' driver.
INFO - 2023-12-09 18:56:57 --> Session: Class initialized using 'CodeIgniter\Session\Handlers\FileHandler' driver.
INFO - 2023-12-09 18:57:59 --> Session: Class initialized using 'CodeIgniter\Session\Handlers\FileHandler' driver.
INFO - 2023-12-09 18:58:18 --> Session: Class initialized using 'CodeIgniter\Session\Handlers\FileHandler' driver.
INFO - 2023-12-09 18:59:51 --> Session: Class initialized using 'CodeIgniter\Session\Handlers\FileHandler' driver.
INFO - 2023-12-09 19:00:01 --> Session: Class initialized using 'CodeIgniter\Session\Handlers\FileHandler' driver.
INFO - 2023-12-09 19:00:02 --> Session: Class initialized using 'CodeIgniter\Session\Handlers\FileHandler' driver.
INFO - 2023-12-09 19:00:13 --> Session: Class initialized using 'CodeIgniter\Session\Handlers\FileHandler' driver.
INFO - 2023-12-09 19:02:00 --> Session: Class initialized using 'CodeIgniter\Session\Handlers\FileHandler' driver.
INFO - 2023-12-09 19:02:46 --> Session: Class initialized using 'CodeIgniter\Session\Handlers\FileHandler' driver.
INFO - 2023-12-09 19:02:50 --> Session: Class initialized using 'CodeIgniter\Session\Handlers\FileHandler' driver.
CRITICAL - 2023-12-09 19:02:50 --> Array to string conversion
in APPPATH\Views\template-public\topbar.php on line 36.
 1 APPPATH\Views\template-public\topbar.php(36): CodeIgniter\Debug\Exceptions->errorHandler(2, 'Array to string conversion', 'C:\\Users\\marcs\\OneDrive\\Documents\\GitHub\\ci-ecomerce\\app\\Views\\template-public\\topbar.php', 36)
 2 SYSTEMPATH\View\View.php(226): include('C:\\Users\\marcs\\OneDrive\\Documents\\GitHub\\ci-ecomerce\\app\\Views\\template-public\\topbar.php')
 3 SYSTEMPATH\View\View.php(229): CodeIgniter\View\View->CodeIgniter\View\{closure}()
 4 SYSTEMPATH\View\View.php(467): CodeIgniter\View\View->render('template-public/topbar', null, true)
 5 APPPATH\Views\template-public\index.php(76): CodeIgniter\View\View->include('template-public/topbar')
 6 SYSTEMPATH\View\View.php(226): include('C:\\Users\\marcs\\OneDrive\\Documents\\GitHub\\ci-ecomerce\\app\\Views\\template-public\\index.php')
 7 SYSTEMPATH\View\View.php(229): CodeIgniter\View\View->CodeIgniter\View\{closure}()
 8 SYSTEMPATH\View\View.php(242): CodeIgniter\View\View->render('template-public/index', [], true)
 9 SYSTEMPATH\Common.php(1188): CodeIgniter\View\View->render('public/cart', [], true)
10 APPPATH\Controllers\Public\Cart.php(29): view('public/cart', [...])
11 SYSTEMPATH\CodeIgniter.php(919): App\Controllers\Public\Cart->index()
12 SYSTEMPATH\CodeIgniter.php(494): CodeIgniter\CodeIgniter->runController(Object(App\Controllers\Public\Cart))
13 SYSTEMPATH\CodeIgniter.php(353): CodeIgniter\CodeIgniter->handleRequest(null, Object(Config\Cache), false)
14 FCPATH\index.php(79): CodeIgniter\CodeIgniter->run()
15 SYSTEMPATH\Commands\Server\rewrite.php(47): require_once('C:\\Users\\marcs\\OneDrive\\Documents\\GitHub\\ci-ecomerce\\public\\index.php')
INFO - 2023-12-09 19:03:05 --> Session: Class initialized using 'CodeIgniter\Session\Handlers\FileHandler' driver.
CRITICAL - 2023-12-09 19:03:05 --> Array to string conversion
in APPPATH\Views\template-public\topbar.php on line 36.
 1 APPPATH\Views\template-public\topbar.php(36): CodeIgniter\Debug\Exceptions->errorHandler(2, 'Array to string conversion', 'C:\\Users\\marcs\\OneDrive\\Documents\\GitHub\\ci-ecomerce\\app\\Views\\template-public\\topbar.php', 36)
 2 SYSTEMPATH\View\View.php(226): include('C:\\Users\\marcs\\OneDrive\\Documents\\GitHub\\ci-ecomerce\\app\\Views\\template-public\\topbar.php')
 3 SYSTEMPATH\View\View.php(229): CodeIgniter\View\View->CodeIgniter\View\{closure}()
 4 SYSTEMPATH\View\View.php(467): CodeIgniter\View\View->render('template-public/topbar', null, true)
 5 APPPATH\Views\template-public\index.php(76): CodeIgniter\View\View->include('template-public/topbar')
 6 SYSTEMPATH\View\View.php(226): include('C:\\Users\\marcs\\OneDrive\\Documents\\GitHub\\ci-ecomerce\\app\\Views\\template-public\\index.php')
 7 SYSTEMPATH\View\View.php(229): CodeIgniter\View\View->CodeIgniter\View\{closure}()
 8 SYSTEMPATH\View\View.php(242): CodeIgniter\View\View->render('template-public/index', [], true)
 9 SYSTEMPATH\Common.php(1188): CodeIgniter\View\View->render('public/cart', [], true)
10 APPPATH\Controllers\Public\Cart.php(29): view('public/cart', [...])
11 SYSTEMPATH\CodeIgniter.php(919): App\Controllers\Public\Cart->index()
12 SYSTEMPATH\CodeIgniter.php(494): CodeIgniter\CodeIgniter->runController(Object(App\Controllers\Public\Cart))
13 SYSTEMPATH\CodeIgniter.php(353): CodeIgniter\CodeIgniter->handleRequest(null, Object(Config\Cache), false)
14 FCPATH\index.php(79): CodeIgniter\CodeIgniter->run()
15 SYSTEMPATH\Commands\Server\rewrite.php(47): require_once('C:\\Users\\marcs\\OneDrive\\Documents\\GitHub\\ci-ecomerce\\public\\index.php')
INFO - 2023-12-09 19:03:12 --> Session: Class initialized using 'CodeIgniter\Session\Handlers\FileHandler' driver.
INFO - 2023-12-09 19:03:15 --> Session: Class initialized using 'CodeIgniter\Session\Handlers\FileHandler' driver.
INFO - 2023-12-09 19:03:17 --> Session: Class initialized using 'CodeIgniter\Session\Handlers\FileHandler' driver.
CRITICAL - 2023-12-09 19:03:17 --> Array to string conversion
in APPPATH\Views\template-public\topbar.php on line 36.
 1 APPPATH\Views\template-public\topbar.php(36): CodeIgniter\Debug\Exceptions->errorHandler(2, 'Array to string conversion', 'C:\\Users\\marcs\\OneDrive\\Documents\\GitHub\\ci-ecomerce\\app\\Views\\template-public\\topbar.php', 36)
 2 SYSTEMPATH\View\View.php(226): include('C:\\Users\\marcs\\OneDrive\\Documents\\GitHub\\ci-ecomerce\\app\\Views\\template-public\\topbar.php')
 3 SYSTEMPATH\View\View.php(229): CodeIgniter\View\View->CodeIgniter\View\{closure}()
 4 SYSTEMPATH\View\View.php(467): CodeIgniter\View\View->render('template-public/topbar', null, true)
 5 APPPATH\Views\template-public\index.php(76): CodeIgniter\View\View->include('template-public/topbar')
 6 SYSTEMPATH\View\View.php(226): include('C:\\Users\\marcs\\OneDrive\\Documents\\GitHub\\ci-ecomerce\\app\\Views\\template-public\\index.php')
 7 SYSTEMPATH\View\View.php(229): CodeIgniter\View\View->CodeIgniter\View\{closure}()
 8 SYSTEMPATH\View\View.php(242): CodeIgniter\View\View->render('template-public/index', [], true)
 9 SYSTEMPATH\Common.php(1188): CodeIgniter\View\View->render('public/cart', [], true)
10 APPPATH\Controllers\Public\Cart.php(29): view('public/cart', [...])
11 SYSTEMPATH\CodeIgniter.php(919): App\Controllers\Public\Cart->index()
12 SYSTEMPATH\CodeIgniter.php(494): CodeIgniter\CodeIgniter->runController(Object(App\Controllers\Public\Cart))
13 SYSTEMPATH\CodeIgniter.php(353): CodeIgniter\CodeIgniter->handleRequest(null, Object(Config\Cache), false)
14 FCPATH\index.php(79): CodeIgniter\CodeIgniter->run()
15 SYSTEMPATH\Commands\Server\rewrite.php(47): require_once('C:\\Users\\marcs\\OneDrive\\Documents\\GitHub\\ci-ecomerce\\public\\index.php')
INFO - 2023-12-09 19:03:21 --> Session: Class initialized using 'CodeIgniter\Session\Handlers\FileHandler' driver.
INFO - 2023-12-09 19:03:42 --> Session: Class initialized using 'CodeIgniter\Session\Handlers\FileHandler' driver.
CRITICAL - 2023-12-09 19:03:43 --> Array to string conversion
in APPPATH\Views\template-public\topbar.php on line 36.
 1 APPPATH\Views\template-public\topbar.php(36): CodeIgniter\Debug\Exceptions->errorHandler(2, 'Array to string conversion', 'C:\\Users\\marcs\\OneDrive\\Documents\\GitHub\\ci-ecomerce\\app\\Views\\template-public\\topbar.php', 36)
 2 SYSTEMPATH\View\View.php(226): include('C:\\Users\\marcs\\OneDrive\\Documents\\GitHub\\ci-ecomerce\\app\\Views\\template-public\\topbar.php')
 3 SYSTEMPATH\View\View.php(229): CodeIgniter\View\View->CodeIgniter\View\{closure}()
 4 SYSTEMPATH\View\View.php(467): CodeIgniter\View\View->render('template-public/topbar', null, true)
 5 APPPATH\Views\template-public\index.php(76): CodeIgniter\View\View->include('template-public/topbar')
 6 SYSTEMPATH\View\View.php(226): include('C:\\Users\\marcs\\OneDrive\\Documents\\GitHub\\ci-ecomerce\\app\\Views\\template-public\\index.php')
 7 SYSTEMPATH\View\View.php(229): CodeIgniter\View\View->CodeIgniter\View\{closure}()
 8 SYSTEMPATH\View\View.php(242): CodeIgniter\View\View->render('template-public/index', [], true)
 9 SYSTEMPATH\Common.php(1188): CodeIgniter\View\View->render('public/cart', [], true)
10 APPPATH\Controllers\Public\Cart.php(29): view('public/cart', [...])
11 SYSTEMPATH\CodeIgniter.php(919): App\Controllers\Public\Cart->index()
12 SYSTEMPATH\CodeIgniter.php(494): CodeIgniter\CodeIgniter->runController(Object(App\Controllers\Public\Cart))
13 SYSTEMPATH\CodeIgniter.php(353): CodeIgniter\CodeIgniter->handleRequest(null, Object(Config\Cache), false)
14 FCPATH\index.php(79): CodeIgniter\CodeIgniter->run()
15 SYSTEMPATH\Commands\Server\rewrite.php(47): require_once('C:\\Users\\marcs\\OneDrive\\Documents\\GitHub\\ci-ecomerce\\public\\index.php')
INFO - 2023-12-09 19:04:26 --> Session: Class initialized using 'CodeIgniter\Session\Handlers\FileHandler' driver.
CRITICAL - 2023-12-09 19:04:26 --> Array to string conversion
in APPPATH\Views\template-public\topbar.php on line 39.
 1 APPPATH\Views\template-public\topbar.php(39): CodeIgniter\Debug\Exceptions->errorHandler(2, 'Array to string conversion', 'C:\\Users\\marcs\\OneDrive\\Documents\\GitHub\\ci-ecomerce\\app\\Views\\template-public\\topbar.php', 39)
 2 SYSTEMPATH\View\View.php(226): include('C:\\Users\\marcs\\OneDrive\\Documents\\GitHub\\ci-ecomerce\\app\\Views\\template-public\\topbar.php')
 3 SYSTEMPATH\View\View.php(229): CodeIgniter\View\View->CodeIgniter\View\{closure}()
 4 SYSTEMPATH\View\View.php(467): CodeIgniter\View\View->render('template-public/topbar', null, true)
 5 APPPATH\Views\template-public\index.php(76): CodeIgniter\View\View->include('template-public/topbar')
 6 SYSTEMPATH\View\View.php(226): include('C:\\Users\\marcs\\OneDrive\\Documents\\GitHub\\ci-ecomerce\\app\\Views\\template-public\\index.php')
 7 SYSTEMPATH\View\View.php(229): CodeIgniter\View\View->CodeIgniter\View\{closure}()
 8 SYSTEMPATH\View\View.php(242): CodeIgniter\View\View->render('template-public/index', [], true)
 9 SYSTEMPATH\Common.php(1188): CodeIgniter\View\View->render('public/cart', [], true)
10 APPPATH\Controllers\Public\Cart.php(29): view('public/cart', [...])
11 SYSTEMPATH\CodeIgniter.php(919): App\Controllers\Public\Cart->index()
12 SYSTEMPATH\CodeIgniter.php(494): CodeIgniter\CodeIgniter->runController(Object(App\Controllers\Public\Cart))
13 SYSTEMPATH\CodeIgniter.php(353): CodeIgniter\CodeIgniter->handleRequest(null, Object(Config\Cache), false)
14 FCPATH\index.php(79): CodeIgniter\CodeIgniter->run()
15 SYSTEMPATH\Commands\Server\rewrite.php(47): require_once('C:\\Users\\marcs\\OneDrive\\Documents\\GitHub\\ci-ecomerce\\public\\index.php')
INFO - 2023-12-09 19:04:27 --> Session: Class initialized using 'CodeIgniter\Session\Handlers\FileHandler' driver.
INFO - 2023-12-09 19:04:41 --> Session: Class initialized using 'CodeIgniter\Session\Handlers\FileHandler' driver.
INFO - 2023-12-09 19:04:43 --> Session: Class initialized using 'CodeIgniter\Session\Handlers\FileHandler' driver.
INFO - 2023-12-09 19:04:46 --> Session: Class initialized using 'CodeIgniter\Session\Handlers\FileHandler' driver.
INFO - 2023-12-09 19:05:08 --> Session: Class initialized using 'CodeIgniter\Session\Handlers\FileHandler' driver.
INFO - 2023-12-09 19:05:14 --> Session: Class initialized using 'CodeIgniter\Session\Handlers\FileHandler' driver.
INFO - 2023-12-09 19:05:16 --> Session: Class initialized using 'CodeIgniter\Session\Handlers\FileHandler' driver.
INFO - 2023-12-09 19:07:04 --> Session: Class initialized using 'CodeIgniter\Session\Handlers\FileHandler' driver.
INFO - 2023-12-09 19:08:00 --> Session: Class initialized using 'CodeIgniter\Session\Handlers\FileHandler' driver.
