INFO - 2023-12-31 02:04:32 --> Session: Class initialized using 'CodeIgniter\Session\Handlers\FileHandler' driver.
INFO - 2023-12-31 02:07:07 --> Session: Class initialized using 'CodeIgniter\Session\Handlers\FileHandler' driver.
INFO - 2023-12-31 02:07:22 --> Session: Class initialized using 'CodeIgniter\Session\Handlers\FileHandler' driver.
CRITICAL - 2023-12-31 02:09:24 --> Call to a member function first() on null
in APPPATH\Controllers\Public\Dashboard.php on line 22.
 1 SYSTEMPATH\CodeIgniter.php(919): App\Controllers\Public\Dashboard->index()
 2 SYSTEMPATH\CodeIgniter.php(494): CodeIgniter\CodeIgniter->runController(Object(App\Controllers\Public\Dashboard))
 3 SYSTEMPATH\CodeIgniter.php(353): CodeIgniter\CodeIgniter->handleRequest(null, Object(Config\Cache), false)
 4 FCPATH\index.php(79): CodeIgniter\CodeIgniter->run()
 5 SYSTEMPATH\Commands\Server\rewrite.php(47): require_once('C:\\laragon\\www\\Mutiara_Ecom\\public\\index.php')
CRITICAL - 2023-12-31 02:09:39 --> Call to a member function First() on null
in APPPATH\Controllers\Public\Dashboard.php on line 22.
 1 SYSTEMPATH\CodeIgniter.php(919): App\Controllers\Public\Dashboard->index()
 2 SYSTEMPATH\CodeIgniter.php(494): CodeIgniter\CodeIgniter->runController(Object(App\Controllers\Public\Dashboard))
 3 SYSTEMPATH\CodeIgniter.php(353): CodeIgniter\CodeIgniter->handleRequest(null, Object(Config\Cache), false)
 4 FCPATH\index.php(79): CodeIgniter\CodeIgniter->run()
 5 SYSTEMPATH\Commands\Server\rewrite.php(47): require_once('C:\\laragon\\www\\Mutiara_Ecom\\public\\index.php')
CRITICAL - 2023-12-31 02:09:55 --> Call to a member function findAll() on null
in APPPATH\Controllers\Public\Dashboard.php on line 22.
 1 SYSTEMPATH\CodeIgniter.php(919): App\Controllers\Public\Dashboard->index()
 2 SYSTEMPATH\CodeIgniter.php(494): CodeIgniter\CodeIgniter->runController(Object(App\Controllers\Public\Dashboard))
 3 SYSTEMPATH\CodeIgniter.php(353): CodeIgniter\CodeIgniter->handleRequest(null, Object(Config\Cache), false)
 4 FCPATH\index.php(79): CodeIgniter\CodeIgniter->run()
 5 SYSTEMPATH\Commands\Server\rewrite.php(47): require_once('C:\\laragon\\www\\Mutiara_Ecom\\public\\index.php')
CRITICAL - 2023-12-31 02:13:20 --> Cannot declare class App\Models\DetailTransaksiModel, because the name is already in use
in APPPATH\Models\IklanModel.php on line 7.
 1 [internal function]: CodeIgniter\Debug\Exceptions->shutdownHandler()
INFO - 2023-12-31 02:13:47 --> Session: Class initialized using 'CodeIgniter\Session\Handlers\FileHandler' driver.
INFO - 2023-12-31 02:14:37 --> Session: Class initialized using 'CodeIgniter\Session\Handlers\FileHandler' driver.
CRITICAL - 2023-12-31 02:14:37 --> Undefined array key "gambar_iklan"
in APPPATH\Views\public\dashboard.php on line 54.
 1 APPPATH\Views\public\dashboard.php(54): CodeIgniter\Debug\Exceptions->errorHandler(2, 'Undefined array key "gambar_iklan"', 'C:\\laragon\\www\\Mutiara_Ecom\\app\\Views\\public\\dashboard.php', 54)
 2 SYSTEMPATH\View\View.php(226): include('C:\\laragon\\www\\Mutiara_Ecom\\app\\Views\\public\\dashboard.php')
 3 SYSTEMPATH\View\View.php(229): CodeIgniter\View\View->CodeIgniter\View\{closure}()
 4 SYSTEMPATH\Common.php(1188): CodeIgniter\View\View->render('public/dashboard', [], true)
 5 APPPATH\Controllers\Public\Dashboard.php(29): view('public/dashboard', [...])
 6 SYSTEMPATH\CodeIgniter.php(919): App\Controllers\Public\Dashboard->index()
 7 SYSTEMPATH\CodeIgniter.php(494): CodeIgniter\CodeIgniter->runController(Object(App\Controllers\Public\Dashboard))
 8 SYSTEMPATH\CodeIgniter.php(353): CodeIgniter\CodeIgniter->handleRequest(null, Object(Config\Cache), false)
 9 FCPATH\index.php(79): CodeIgniter\CodeIgniter->run()
10 SYSTEMPATH\Commands\Server\rewrite.php(47): require_once('C:\\laragon\\www\\Mutiara_Ecom\\public\\index.php')
INFO - 2023-12-31 02:17:16 --> Session: Class initialized using 'CodeIgniter\Session\Handlers\FileHandler' driver.
INFO - 2023-12-31 02:17:40 --> Session: Class initialized using 'CodeIgniter\Session\Handlers\FileHandler' driver.
INFO - 2023-12-31 02:18:46 --> Session: Class initialized using 'CodeIgniter\Session\Handlers\FileHandler' driver.
CRITICAL - 2023-12-31 02:18:46 --> Undefined array key "gambar_iklan"
in APPPATH\Views\public\dashboard.php on line 54.
 1 APPPATH\Views\public\dashboard.php(54): CodeIgniter\Debug\Exceptions->errorHandler(2, 'Undefined array key "gambar_iklan"', 'C:\\laragon\\www\\Mutiara_Ecom\\app\\Views\\public\\dashboard.php', 54)
 2 SYSTEMPATH\View\View.php(226): include('C:\\laragon\\www\\Mutiara_Ecom\\app\\Views\\public\\dashboard.php')
 3 SYSTEMPATH\View\View.php(229): CodeIgniter\View\View->CodeIgniter\View\{closure}()
 4 SYSTEMPATH\Common.php(1188): CodeIgniter\View\View->render('public/dashboard', [], true)
 5 APPPATH\Controllers\Public\Dashboard.php(29): view('public/dashboard', [...])
 6 SYSTEMPATH\CodeIgniter.php(919): App\Controllers\Public\Dashboard->index()
 7 SYSTEMPATH\CodeIgniter.php(494): CodeIgniter\CodeIgniter->runController(Object(App\Controllers\Public\Dashboard))
 8 SYSTEMPATH\CodeIgniter.php(353): CodeIgniter\CodeIgniter->handleRequest(null, Object(Config\Cache), false)
 9 FCPATH\index.php(79): CodeIgniter\CodeIgniter->run()
10 SYSTEMPATH\Commands\Server\rewrite.php(47): require_once('C:\\laragon\\www\\Mutiara_Ecom\\public\\index.php')
INFO - 2023-12-31 02:18:47 --> Session: Class initialized using 'CodeIgniter\Session\Handlers\FileHandler' driver.
CRITICAL - 2023-12-31 02:18:47 --> Undefined array key "gambar_iklan"
in APPPATH\Views\public\dashboard.php on line 54.
 1 APPPATH\Views\public\dashboard.php(54): CodeIgniter\Debug\Exceptions->errorHandler(2, 'Undefined array key "gambar_iklan"', 'C:\\laragon\\www\\Mutiara_Ecom\\app\\Views\\public\\dashboard.php', 54)
 2 SYSTEMPATH\View\View.php(226): include('C:\\laragon\\www\\Mutiara_Ecom\\app\\Views\\public\\dashboard.php')
 3 SYSTEMPATH\View\View.php(229): CodeIgniter\View\View->CodeIgniter\View\{closure}()
 4 SYSTEMPATH\Common.php(1188): CodeIgniter\View\View->render('public/dashboard', [], true)
 5 APPPATH\Controllers\Public\Dashboard.php(29): view('public/dashboard', [...])
 6 SYSTEMPATH\CodeIgniter.php(919): App\Controllers\Public\Dashboard->index()
 7 SYSTEMPATH\CodeIgniter.php(494): CodeIgniter\CodeIgniter->runController(Object(App\Controllers\Public\Dashboard))
 8 SYSTEMPATH\CodeIgniter.php(353): CodeIgniter\CodeIgniter->handleRequest(null, Object(Config\Cache), false)
 9 FCPATH\index.php(79): CodeIgniter\CodeIgniter->run()
10 SYSTEMPATH\Commands\Server\rewrite.php(47): require_once('C:\\laragon\\www\\Mutiara_Ecom\\public\\index.php')
INFO - 2023-12-31 02:18:50 --> Session: Class initialized using 'CodeIgniter\Session\Handlers\FileHandler' driver.
CRITICAL - 2023-12-31 02:18:50 --> Undefined array key "gambar_iklan"
in APPPATH\Views\public\dashboard.php on line 54.
 1 APPPATH\Views\public\dashboard.php(54): CodeIgniter\Debug\Exceptions->errorHandler(2, 'Undefined array key "gambar_iklan"', 'C:\\laragon\\www\\Mutiara_Ecom\\app\\Views\\public\\dashboard.php', 54)
 2 SYSTEMPATH\View\View.php(226): include('C:\\laragon\\www\\Mutiara_Ecom\\app\\Views\\public\\dashboard.php')
 3 SYSTEMPATH\View\View.php(229): CodeIgniter\View\View->CodeIgniter\View\{closure}()
 4 SYSTEMPATH\Common.php(1188): CodeIgniter\View\View->render('public/dashboard', [], true)
 5 APPPATH\Controllers\Public\Dashboard.php(29): view('public/dashboard', [...])
 6 SYSTEMPATH\CodeIgniter.php(919): App\Controllers\Public\Dashboard->index()
 7 SYSTEMPATH\CodeIgniter.php(494): CodeIgniter\CodeIgniter->runController(Object(App\Controllers\Public\Dashboard))
 8 SYSTEMPATH\CodeIgniter.php(353): CodeIgniter\CodeIgniter->handleRequest(null, Object(Config\Cache), false)
 9 FCPATH\index.php(79): CodeIgniter\CodeIgniter->run()
10 SYSTEMPATH\Commands\Server\rewrite.php(47): require_once('C:\\laragon\\www\\Mutiara_Ecom\\public\\index.php')
INFO - 2023-12-31 02:19:56 --> Session: Class initialized using 'CodeIgniter\Session\Handlers\FileHandler' driver.
INFO - 2023-12-31 02:21:47 --> Session: Class initialized using 'CodeIgniter\Session\Handlers\FileHandler' driver.
INFO - 2023-12-31 02:22:39 --> Session: Class initialized using 'CodeIgniter\Session\Handlers\FileHandler' driver.
CRITICAL - 2023-12-31 02:22:39 --> Undefined array key "gambar_iklan"
in APPPATH\Views\public\dashboard.php on line 54.
 1 APPPATH\Views\public\dashboard.php(54): CodeIgniter\Debug\Exceptions->errorHandler(2, 'Undefined array key "gambar_iklan"', 'C:\\laragon\\www\\Mutiara_Ecom\\app\\Views\\public\\dashboard.php', 54)
 2 SYSTEMPATH\View\View.php(226): include('C:\\laragon\\www\\Mutiara_Ecom\\app\\Views\\public\\dashboard.php')
 3 SYSTEMPATH\View\View.php(229): CodeIgniter\View\View->CodeIgniter\View\{closure}()
 4 SYSTEMPATH\Common.php(1188): CodeIgniter\View\View->render('public/dashboard', [], true)
 5 APPPATH\Controllers\Public\Dashboard.php(29): view('public/dashboard', [...])
 6 SYSTEMPATH\CodeIgniter.php(919): App\Controllers\Public\Dashboard->index()
 7 SYSTEMPATH\CodeIgniter.php(494): CodeIgniter\CodeIgniter->runController(Object(App\Controllers\Public\Dashboard))
 8 SYSTEMPATH\CodeIgniter.php(353): CodeIgniter\CodeIgniter->handleRequest(null, Object(Config\Cache), false)
 9 FCPATH\index.php(79): CodeIgniter\CodeIgniter->run()
10 SYSTEMPATH\Commands\Server\rewrite.php(47): require_once('C:\\laragon\\www\\Mutiara_Ecom\\public\\index.php')
INFO - 2023-12-31 02:23:52 --> Session: Class initialized using 'CodeIgniter\Session\Handlers\FileHandler' driver.
INFO - 2023-12-31 02:24:58 --> Session: Class initialized using 'CodeIgniter\Session\Handlers\FileHandler' driver.
INFO - 2023-12-31 02:25:22 --> Session: Class initialized using 'CodeIgniter\Session\Handlers\FileHandler' driver.
INFO - 2023-12-31 02:25:46 --> Session: Class initialized using 'CodeIgniter\Session\Handlers\FileHandler' driver.
INFO - 2023-12-31 02:26:59 --> Session: Class initialized using 'CodeIgniter\Session\Handlers\FileHandler' driver.
INFO - 2023-12-31 02:27:38 --> Session: Class initialized using 'CodeIgniter\Session\Handlers\FileHandler' driver.
INFO - 2023-12-31 02:28:26 --> Session: Class initialized using 'CodeIgniter\Session\Handlers\FileHandler' driver.
INFO - 2023-12-31 02:29:36 --> Session: Class initialized using 'CodeIgniter\Session\Handlers\FileHandler' driver.
INFO - 2023-12-31 02:30:27 --> Session: Class initialized using 'CodeIgniter\Session\Handlers\FileHandler' driver.
INFO - 2023-12-31 02:30:39 --> Session: Class initialized using 'CodeIgniter\Session\Handlers\FileHandler' driver.
INFO - 2023-12-31 02:31:32 --> Session: Class initialized using 'CodeIgniter\Session\Handlers\FileHandler' driver.
INFO - 2023-12-31 02:31:34 --> Session: Class initialized using 'CodeIgniter\Session\Handlers\FileHandler' driver.
INFO - 2023-12-31 02:31:43 --> Session: Class initialized using 'CodeIgniter\Session\Handlers\FileHandler' driver.
INFO - 2023-12-31 02:35:33 --> Session: Class initialized using 'CodeIgniter\Session\Handlers\FileHandler' driver.
INFO - 2023-12-31 02:37:08 --> Session: Class initialized using 'CodeIgniter\Session\Handlers\FileHandler' driver.
INFO - 2023-12-31 02:37:09 --> Session: Class initialized using 'CodeIgniter\Session\Handlers\FileHandler' driver.
INFO - 2023-12-31 02:38:39 --> Session: Class initialized using 'CodeIgniter\Session\Handlers\FileHandler' driver.
INFO - 2023-12-31 02:39:03 --> Session: Class initialized using 'CodeIgniter\Session\Handlers\FileHandler' driver.
INFO - 2023-12-31 02:39:03 --> Session: Class initialized using 'CodeIgniter\Session\Handlers\FileHandler' driver.
WARNING - 2023-12-31 02:39:03 --> [DEPRECATED] number_format(): Passing null to parameter #1 ($num) of type float is deprecated in APPPATH\Views\admin\dashboard.php on line 23.
 1 APPPATH\Views\admin\dashboard.php(23): number_format(null, 2, ',', '.')
 2 SYSTEMPATH\View\View.php(226): include('C:\\laragon\\www\\Mutiara_Ecom\\app\\Views\\admin\\dashboard.php')
 3 SYSTEMPATH\View\View.php(229): CodeIgniter\View\View->CodeIgniter\View\{closure}()
 4 SYSTEMPATH\Common.php(1188): CodeIgniter\View\View->render('admin/dashboard', [], true)
 5 APPPATH\Controllers\Admin\Dashboard.php(59): view('admin/dashboard', [...])
 6 SYSTEMPATH\CodeIgniter.php(919): App\Controllers\Admin\Dashboard->index()
 7 SYSTEMPATH\CodeIgniter.php(494): CodeIgniter\CodeIgniter->runController(Object(App\Controllers\Admin\Dashboard))
 8 SYSTEMPATH\CodeIgniter.php(353): CodeIgniter\CodeIgniter->handleRequest(null, Object(Config\Cache), false)
 9 FCPATH\index.php(79): CodeIgniter\CodeIgniter->run()
10 SYSTEMPATH\Commands\Server\rewrite.php(47): require_once('C:\\laragon\\www\\Mutiara_Ecom\\public\\index.php')
WARNING - 2023-12-31 02:39:03 --> [DEPRECATED] number_format(): Passing null to parameter #1 ($num) of type float is deprecated in APPPATH\Views\admin\dashboard.php on line 41.
 1 APPPATH\Views\admin\dashboard.php(41): number_format(null, 2, ',', '.')
 2 SYSTEMPATH\View\View.php(226): include('C:\\laragon\\www\\Mutiara_Ecom\\app\\Views\\admin\\dashboard.php')
 3 SYSTEMPATH\View\View.php(229): CodeIgniter\View\View->CodeIgniter\View\{closure}()
 4 SYSTEMPATH\Common.php(1188): CodeIgniter\View\View->render('admin/dashboard', [], true)
 5 APPPATH\Controllers\Admin\Dashboard.php(59): view('admin/dashboard', [...])
 6 SYSTEMPATH\CodeIgniter.php(919): App\Controllers\Admin\Dashboard->index()
 7 SYSTEMPATH\CodeIgniter.php(494): CodeIgniter\CodeIgniter->runController(Object(App\Controllers\Admin\Dashboard))
 8 SYSTEMPATH\CodeIgniter.php(353): CodeIgniter\CodeIgniter->handleRequest(null, Object(Config\Cache), false)
 9 FCPATH\index.php(79): CodeIgniter\CodeIgniter->run()
10 SYSTEMPATH\Commands\Server\rewrite.php(47): require_once('C:\\laragon\\www\\Mutiara_Ecom\\public\\index.php')
WARNING - 2023-12-31 02:39:03 --> [DEPRECATED] number_format(): Passing null to parameter #1 ($num) of type float is deprecated in APPPATH\Views\admin\dashboard.php on line 59.
 1 APPPATH\Views\admin\dashboard.php(59): number_format(null, 2, ',', '.')
 2 SYSTEMPATH\View\View.php(226): include('C:\\laragon\\www\\Mutiara_Ecom\\app\\Views\\admin\\dashboard.php')
 3 SYSTEMPATH\View\View.php(229): CodeIgniter\View\View->CodeIgniter\View\{closure}()
 4 SYSTEMPATH\Common.php(1188): CodeIgniter\View\View->render('admin/dashboard', [], true)
 5 APPPATH\Controllers\Admin\Dashboard.php(59): view('admin/dashboard', [...])
 6 SYSTEMPATH\CodeIgniter.php(919): App\Controllers\Admin\Dashboard->index()
 7 SYSTEMPATH\CodeIgniter.php(494): CodeIgniter\CodeIgniter->runController(Object(App\Controllers\Admin\Dashboard))
 8 SYSTEMPATH\CodeIgniter.php(353): CodeIgniter\CodeIgniter->handleRequest(null, Object(Config\Cache), false)
 9 FCPATH\index.php(79): CodeIgniter\CodeIgniter->run()
10 SYSTEMPATH\Commands\Server\rewrite.php(47): require_once('C:\\laragon\\www\\Mutiara_Ecom\\public\\index.php')
INFO - 2023-12-31 02:39:14 --> Session: Class initialized using 'CodeIgniter\Session\Handlers\FileHandler' driver.
INFO - 2023-12-31 02:39:14 --> Session: Class initialized using 'CodeIgniter\Session\Handlers\FileHandler' driver.
INFO - 2023-12-31 02:39:27 --> Session: Class initialized using 'CodeIgniter\Session\Handlers\FileHandler' driver.
INFO - 2023-12-31 02:39:27 --> Session: Class initialized using 'CodeIgniter\Session\Handlers\FileHandler' driver.
INFO - 2023-12-31 02:41:25 --> Session: Class initialized using 'CodeIgniter\Session\Handlers\FileHandler' driver.
INFO - 2023-12-31 02:45:55 --> Session: Class initialized using 'CodeIgniter\Session\Handlers\FileHandler' driver.
INFO - 2023-12-31 02:46:03 --> Session: Class initialized using 'CodeIgniter\Session\Handlers\FileHandler' driver.
INFO - 2023-12-31 02:47:43 --> Session: Class initialized using 'CodeIgniter\Session\Handlers\FileHandler' driver.
INFO - 2023-12-31 03:11:21 --> Session: Class initialized using 'CodeIgniter\Session\Handlers\FileHandler' driver.
